============================= test session starts ==============================
platform linux -- Python 3.13.2, pytest-9.0.2, pluggy-1.6.0 -- /usr/local/bin/python3.13
cachedir: .pytest_cache
benchmark: 5.2.3 (defaults: timer=time.perf_counter disable_gc=False min_rounds=5 min_time=0.000005 max_time=1.0 calibration_precision=10 warmup=False warmup_iterations=100000)
metadata: {'Python': '3.13.2', 'Platform': 'Linux-6.6.87.2-microsoft-standard-WSL2-x86_64-with-glibc2.36', 'Packages': {'pytest': '9.0.2', 'pluggy': '1.6.0'}, 'Plugins': {'cov': '7.0.0', 'sugar': '1.1.1', 'json-report': '1.5.0', 'benchmark': '5.2.3', 'metadata': '3.1.1', 'flake8': '1.3.0', 'mock': '3.15.1', 'xdist': '3.8.0', 'html': '4.2.0', 'pylint': '0.21.0', 'asyncio': '1.3.0', 'timeout': '2.4.0', 'Faker': '40.1.2', 'anyio': '4.12.1'}}
rootdir: /workspace
configfile: pytest.ini (WARNING: ignoring pytest config in pyproject.toml!)
plugins: cov-7.0.0, sugar-1.1.1, json-report-1.5.0, benchmark-5.2.3, metadata-3.1.1, flake8-1.3.0, mock-3.15.1, xdist-3.8.0, html-4.2.0, pylint-0.21.0, asyncio-1.3.0, timeout-2.4.0, Faker-40.1.2, anyio-4.12.1
asyncio: mode=Mode.AUTO, debug=False, asyncio_default_fixture_loop_scope=function, asyncio_default_test_loop_scope=function
collecting ... collected 348 items / 55 errors

==================================== ERRORS ====================================
____________ ERROR collecting test/integration/test_hybrid_quick.py ____________
ImportError while importing test module '/workspace/test/integration/test_hybrid_quick.py'.
Hint: make sure your test modules/packages have valid Python names.
Traceback:
src/hybrid_cursor_interface.py:17: in <module>
    from .cursor_cli_interface import CursorCLIInterface, CursorCLIResult
E   ImportError: cannot import name 'CursorCLIResult' from 'src.cursor_cli_interface' (/workspace/src/cursor_cli_interface.py)

During handling of the above exception, another exception occurred:
/usr/local/lib/python3.13/site-packages/_pytest/python.py:507: in importtestmodule
    mod = import_path(
/usr/local/lib/python3.13/site-packages/_pytest/pathlib.py:587: in import_path
    importlib.import_module(module_name)
/usr/local/lib/python3.13/importlib/__init__.py:88: in import_module
    return _bootstrap._gcd_import(name[level:], package, level)
           ^^^^^^^^^^^^^^^^^^^^^^^^^^^^^^^^^^^^^^^^^^^^^^^^^^^^
<frozen importlib._bootstrap>:1387: in _gcd_import
    ???
<frozen importlib._bootstrap>:1360: in _find_and_load
    ???
<frozen importlib._bootstrap>:1331: in _find_and_load_unlocked
    ???
<frozen importlib._bootstrap>:935: in _load_unlocked
    ???
/usr/local/lib/python3.13/site-packages/_pytest/assertion/rewrite.py:197: in exec_module
    exec(co, module.__dict__)
test/integration/test_hybrid_quick.py:6: in <module>
    from src.hybrid_cursor_interface import (
src/hybrid_cursor_interface.py:21: in <module>
    from cursor_cli_interface import CursorCLIInterface, CursorCLIResult
E   ImportError: cannot import name 'CursorCLIResult' from 'cursor_cli_interface' (/workspace/src/cursor_cli_interface.py)
____________ ERROR collecting test/integration/test_hybrid_real.py _____________
ImportError while importing test module '/workspace/test/integration/test_hybrid_real.py'.
Hint: make sure your test modules/packages have valid Python names.
Traceback:
src/hybrid_cursor_interface.py:17: in <module>
    from .cursor_cli_interface import CursorCLIInterface, CursorCLIResult
E   ImportError: cannot import name 'CursorCLIResult' from 'src.cursor_cli_interface' (/workspace/src/cursor_cli_interface.py)

During handling of the above exception, another exception occurred:
/usr/local/lib/python3.13/site-packages/_pytest/python.py:507: in importtestmodule
    mod = import_path(
/usr/local/lib/python3.13/site-packages/_pytest/pathlib.py:587: in import_path
    importlib.import_module(module_name)
/usr/local/lib/python3.13/importlib/__init__.py:88: in import_module
    return _bootstrap._gcd_import(name[level:], package, level)
           ^^^^^^^^^^^^^^^^^^^^^^^^^^^^^^^^^^^^^^^^^^^^^^^^^^^^
<frozen importlib._bootstrap>:1387: in _gcd_import
    ???
<frozen importlib._bootstrap>:1360: in _find_and_load
    ???
<frozen importlib._bootstrap>:1331: in _find_and_load_unlocked
    ???
<frozen importlib._bootstrap>:935: in _load_unlocked
    ???
/usr/local/lib/python3.13/site-packages/_pytest/assertion/rewrite.py:197: in exec_module
    exec(co, module.__dict__)
test/integration/test_hybrid_real.py:8: in <module>
    from src.hybrid_cursor_interface import (
src/hybrid_cursor_interface.py:21: in <module>
    from cursor_cli_interface import CursorCLIInterface, CursorCLIResult
E   ImportError: cannot import name 'CursorCLIResult' from 'cursor_cli_interface' (/workspace/src/cursor_cli_interface.py)
__________ ERROR collecting test/integration/test_mini_docs_hybrid.py __________
ImportError while importing test module '/workspace/test/integration/test_mini_docs_hybrid.py'.
Hint: make sure your test modules/packages have valid Python names.
Traceback:
src/hybrid_cursor_interface.py:17: in <module>
    from .cursor_cli_interface import CursorCLIInterface, CursorCLIResult
E   ImportError: cannot import name 'CursorCLIResult' from 'src.cursor_cli_interface' (/workspace/src/cursor_cli_interface.py)

During handling of the above exception, another exception occurred:
/usr/local/lib/python3.13/site-packages/_pytest/python.py:507: in importtestmodule
    mod = import_path(
/usr/local/lib/python3.13/site-packages/_pytest/pathlib.py:587: in import_path
    importlib.import_module(module_name)
/usr/local/lib/python3.13/importlib/__init__.py:88: in import_module
    return _bootstrap._gcd_import(name[level:], package, level)
           ^^^^^^^^^^^^^^^^^^^^^^^^^^^^^^^^^^^^^^^^^^^^^^^^^^^^
<frozen importlib._bootstrap>:1387: in _gcd_import
    ???
<frozen importlib._bootstrap>:1360: in _find_and_load
    ???
<frozen importlib._bootstrap>:1331: in _find_and_load_unlocked
    ???
<frozen importlib._bootstrap>:935: in _load_unlocked
    ???
/usr/local/lib/python3.13/site-packages/_pytest/assertion/rewrite.py:197: in exec_module
    exec(co, module.__dict__)
test/integration/test_mini_docs_hybrid.py:8: in <module>
    from src.hybrid_cursor_interface import (
src/hybrid_cursor_interface.py:21: in <module>
    from cursor_cli_interface import CursorCLIInterface, CursorCLIResult
E   ImportError: cannot import name 'CursorCLIResult' from 'cursor_cli_interface' (/workspace/src/cursor_cli_interface.py)
______ ERROR collecting test/integration/test_new_feature_integration.py _______
ImportError while importing test module '/workspace/test/integration/test_new_feature_integration.py'.
Hint: make sure your test modules/packages have valid Python names.
Traceback:
/usr/local/lib/python3.13/site-packages/_pytest/python.py:507: in importtestmodule
    mod = import_path(
/usr/local/lib/python3.13/site-packages/_pytest/pathlib.py:587: in import_path
    importlib.import_module(module_name)
/usr/local/lib/python3.13/importlib/__init__.py:88: in import_module
    return _bootstrap._gcd_import(name[level:], package, level)
           ^^^^^^^^^^^^^^^^^^^^^^^^^^^^^^^^^^^^^^^^^^^^^^^^^^^^
<frozen importlib._bootstrap>:1387: in _gcd_import
    ???
<frozen importlib._bootstrap>:1360: in _find_and_load
    ???
<frozen importlib._bootstrap>:1331: in _find_and_load_unlocked
    ???
<frozen importlib._bootstrap>:935: in _load_unlocked
    ???
/usr/local/lib/python3.13/site-packages/_pytest/assertion/rewrite.py:197: in exec_module
    exec(co, module.__dict__)
test/integration/test_new_feature_integration.py:3: in <module>
    from src.core.new_feature import new_functionality
src/core/__init__.py:15: in <module>
    from .server_core import ServerCore, TaskExecutor, RevisionExecutor, TodoGenerator
src/core/server_core.py:24: in <module>
    from ..quality import QualityGateManager
src/quality/__init__.py:8: in <module>
    from .quality_gate_manager import QualityGateManager
src/quality/quality_gate_manager.py:12: in <module>
    from .checkers import (
src/quality/checkers/__init__.py:11: in <module>
    from .resource_checker import ResourceChecker
src/quality/checkers/resource_checker.py:6: in <module>
    import psutil
E   ModuleNotFoundError: No module named 'psutil'
_____ ERROR collecting test/integration/test_quality_gates_integration.py ______
ImportError while importing test module '/workspace/test/integration/test_quality_gates_integration.py'.
Hint: make sure your test modules/packages have valid Python names.
Traceback:
/usr/local/lib/python3.13/site-packages/_pytest/python.py:507: in importtestmodule
    mod = import_path(
/usr/local/lib/python3.13/site-packages/_pytest/pathlib.py:587: in import_path
    importlib.import_module(module_name)
/usr/local/lib/python3.13/importlib/__init__.py:88: in import_module
    return _bootstrap._gcd_import(name[level:], package, level)
           ^^^^^^^^^^^^^^^^^^^^^^^^^^^^^^^^^^^^^^^^^^^^^^^^^^^^
<frozen importlib._bootstrap>:1387: in _gcd_import
    ???
<frozen importlib._bootstrap>:1360: in _find_and_load
    ???
<frozen importlib._bootstrap>:1331: in _find_and_load_unlocked
    ???
<frozen importlib._bootstrap>:935: in _load_unlocked
    ???
/usr/local/lib/python3.13/site-packages/_pytest/assertion/rewrite.py:197: in exec_module
    exec(co, module.__dict__)
test/integration/test_quality_gates_integration.py:14: in <module>
    from src.core.server_core import ServerCore, QualityGateException
src/core/__init__.py:15: in <module>
    from .server_core import ServerCore, TaskExecutor, RevisionExecutor, TodoGenerator
src/core/server_core.py:24: in <module>
    from ..quality import QualityGateManager
src/quality/__init__.py:8: in <module>
    from .quality_gate_manager import QualityGateManager
src/quality/quality_gate_manager.py:12: in <module>
    from .checkers import (
src/quality/checkers/__init__.py:11: in <module>
    from .resource_checker import ResourceChecker
src/quality/checkers/resource_checker.py:6: in <module>
    import psutil
E   ModuleNotFoundError: No module named 'psutil'
_______ ERROR collecting test/integration/test_servercore_integration.py _______
ImportError while importing test module '/workspace/test/integration/test_servercore_integration.py'.
Hint: make sure your test modules/packages have valid Python names.
Traceback:
/usr/local/lib/python3.13/site-packages/_pytest/python.py:507: in importtestmodule
    mod = import_path(
/usr/local/lib/python3.13/site-packages/_pytest/pathlib.py:587: in import_path
    importlib.import_module(module_name)
/usr/local/lib/python3.13/importlib/__init__.py:88: in import_module
    return _bootstrap._gcd_import(name[level:], package, level)
           ^^^^^^^^^^^^^^^^^^^^^^^^^^^^^^^^^^^^^^^^^^^^^^^^^^^^
<frozen importlib._bootstrap>:1387: in _gcd_import
    ???
<frozen importlib._bootstrap>:1360: in _find_and_load
    ???
<frozen importlib._bootstrap>:1331: in _find_and_load_unlocked
    ???
<frozen importlib._bootstrap>:935: in _load_unlocked
    ???
/usr/local/lib/python3.13/site-packages/_pytest/assertion/rewrite.py:197: in exec_module
    exec(co, module.__dict__)
test/integration/test_servercore_integration.py:20: in <module>
    from src.core.server_core import ServerCore, QualityGateException
src/core/__init__.py:15: in <module>
    from .server_core import ServerCore, TaskExecutor, RevisionExecutor, TodoGenerator
src/core/server_core.py:24: in <module>
    from ..quality import QualityGateManager
src/quality/__init__.py:8: in <module>
    from .quality_gate_manager import QualityGateManager
src/quality/quality_gate_manager.py:12: in <module>
    from .checkers import (
src/quality/checkers/__init__.py:11: in <module>
    from .resource_checker import ResourceChecker
src/quality/checkers/resource_checker.py:6: in <module>
    import psutil
E   ModuleNotFoundError: No module named 'psutil'
__________ ERROR collecting test/integration/test_smart_agent_load.py __________
ImportError while importing test module '/workspace/test/integration/test_smart_agent_load.py'.
Hint: make sure your test modules/packages have valid Python names.
Traceback:
/usr/local/lib/python3.13/site-packages/_pytest/python.py:507: in importtestmodule
    mod = import_path(
/usr/local/lib/python3.13/site-packages/_pytest/pathlib.py:587: in import_path
    importlib.import_module(module_name)
/usr/local/lib/python3.13/importlib/__init__.py:88: in import_module
    return _bootstrap._gcd_import(name[level:], package, level)
           ^^^^^^^^^^^^^^^^^^^^^^^^^^^^^^^^^^^^^^^^^^^^^^^^^^^^
<frozen importlib._bootstrap>:1387: in _gcd_import
    ???
<frozen importlib._bootstrap>:1360: in _find_and_load
    ???
<frozen importlib._bootstrap>:1331: in _find_and_load_unlocked
    ???
<frozen importlib._bootstrap>:935: in _load_unlocked
    ???
/usr/local/lib/python3.13/site-packages/_pytest/assertion/rewrite.py:197: in exec_module
    exec(co, module.__dict__)
test/integration/test_smart_agent_load.py:15: in <module>
    import psutil
E   ModuleNotFoundError: No module named 'psutil'
___ ERROR collecting test/integration/test_smart_agent_simple_integration.py ___
ImportError while importing test module '/workspace/test/integration/test_smart_agent_simple_integration.py'.
Hint: make sure your test modules/packages have valid Python names.
Traceback:
/usr/local/lib/python3.13/site-packages/_pytest/python.py:507: in importtestmodule
    mod = import_path(
/usr/local/lib/python3.13/site-packages/_pytest/pathlib.py:587: in import_path
    importlib.import_module(module_name)
/usr/local/lib/python3.13/importlib/__init__.py:88: in import_module
    return _bootstrap._gcd_import(name[level:], package, level)
           ^^^^^^^^^^^^^^^^^^^^^^^^^^^^^^^^^^^^^^^^^^^^^^^^^^^^
<frozen importlib._bootstrap>:1387: in _gcd_import
    ???
<frozen importlib._bootstrap>:1360: in _find_and_load
    ???
<frozen importlib._bootstrap>:1331: in _find_and_load_unlocked
    ???
<frozen importlib._bootstrap>:935: in _load_unlocked
    ???
/usr/local/lib/python3.13/site-packages/_pytest/assertion/rewrite.py:197: in exec_module
    exec(co, module.__dict__)
test/integration/test_smart_agent_simple_integration.py:12: in <module>
    from src.tools.learning_tool import LearningTool
src/tools/__init__.py:3: in <module>
    from .learning_tool import LearningTool
src/tools/learning_tool.py:20: in <module>
    from crewai.tools.base_tool import BaseTool
E   ModuleNotFoundError: No module named 'crewai'
_______ ERROR collecting test/integration/test_task_type_integration.py ________
ImportError while importing test module '/workspace/test/integration/test_task_type_integration.py'.
Hint: make sure your test modules/packages have valid Python names.
Traceback:
/usr/local/lib/python3.13/site-packages/_pytest/python.py:507: in importtestmodule
    mod = import_path(
/usr/local/lib/python3.13/site-packages/_pytest/pathlib.py:587: in import_path
    importlib.import_module(module_name)
/usr/local/lib/python3.13/importlib/__init__.py:88: in import_module
    return _bootstrap._gcd_import(name[level:], package, level)
           ^^^^^^^^^^^^^^^^^^^^^^^^^^^^^^^^^^^^^^^^^^^^^^^^^^^^
<frozen importlib._bootstrap>:1387: in _gcd_import
    ???
<frozen importlib._bootstrap>:1360: in _find_and_load
    ???
<frozen importlib._bootstrap>:1331: in _find_and_load_unlocked
    ???
<frozen importlib._bootstrap>:935: in _load_unlocked
    ???
/usr/local/lib/python3.13/site-packages/_pytest/assertion/rewrite.py:197: in exec_module
    exec(co, module.__dict__)
test/integration/test_task_type_integration.py:10: in <module>
    from src.core.types import TaskType
src/core/__init__.py:15: in <module>
    from .server_core import ServerCore, TaskExecutor, RevisionExecutor, TodoGenerator
src/core/server_core.py:24: in <module>
    from ..quality import QualityGateManager
src/quality/__init__.py:8: in <module>
    from .quality_gate_manager import QualityGateManager
src/quality/quality_gate_manager.py:12: in <module>
    from .checkers import (
src/quality/checkers/__init__.py:11: in <module>
    from .resource_checker import ResourceChecker
src/quality/checkers/resource_checker.py:6: in <module>
    import psutil
E   ModuleNotFoundError: No module named 'psutil'
______ ERROR collecting test/integration/test_verification_integration.py ______
ImportError while importing test module '/workspace/test/integration/test_verification_integration.py'.
Hint: make sure your test modules/packages have valid Python names.
Traceback:
/usr/local/lib/python3.13/site-packages/_pytest/python.py:507: in importtestmodule
    mod = import_path(
/usr/local/lib/python3.13/site-packages/_pytest/pathlib.py:587: in import_path
    importlib.import_module(module_name)
/usr/local/lib/python3.13/importlib/__init__.py:88: in import_module
    return _bootstrap._gcd_import(name[level:], package, level)
           ^^^^^^^^^^^^^^^^^^^^^^^^^^^^^^^^^^^^^^^^^^^^^^^^^^^^
<frozen importlib._bootstrap>:1387: in _gcd_import
    ???
<frozen importlib._bootstrap>:1360: in _find_and_load
    ???
<frozen importlib._bootstrap>:1331: in _find_and_load_unlocked
    ???
<frozen importlib._bootstrap>:935: in _load_unlocked
    ???
/usr/local/lib/python3.13/site-packages/_pytest/assertion/rewrite.py:197: in exec_module
    exec(co, module.__dict__)
test/integration/test_verification_integration.py:20: in <module>
    from src.core.server_core import ServerCore
src/core/__init__.py:15: in <module>
    from .server_core import ServerCore, TaskExecutor, RevisionExecutor, TodoGenerator
src/core/server_core.py:24: in <module>
    from ..quality import QualityGateManager
src/quality/__init__.py:8: in <module>
    from .quality_gate_manager import QualityGateManager
src/quality/quality_gate_manager.py:12: in <module>
    from .checkers import (
src/quality/checkers/__init__.py:11: in <module>
    from .resource_checker import ResourceChecker
src/quality/checkers/resource_checker.py:6: in <module>
    import psutil
E   ModuleNotFoundError: No module named 'psutil'
____________ ERROR collecting test/test_agent_real_llm_creation.py _____________
ImportError while importing test module '/workspace/test/test_agent_real_llm_creation.py'.
Hint: make sure your test modules/packages have valid Python names.
Traceback:
/usr/local/lib/python3.13/site-packages/_pytest/python.py:507: in importtestmodule
    mod = import_path(
/usr/local/lib/python3.13/site-packages/_pytest/pathlib.py:587: in import_path
    importlib.import_module(module_name)
/usr/local/lib/python3.13/importlib/__init__.py:88: in import_module
    return _bootstrap._gcd_import(name[level:], package, level)
           ^^^^^^^^^^^^^^^^^^^^^^^^^^^^^^^^^^^^^^^^^^^^^^^^^^^^
<frozen importlib._bootstrap>:1387: in _gcd_import
    ???
<frozen importlib._bootstrap>:1360: in _find_and_load
    ???
<frozen importlib._bootstrap>:1331: in _find_and_load_unlocked
    ???
<frozen importlib._bootstrap>:935: in _load_unlocked
    ???
/usr/local/lib/python3.13/site-packages/_pytest/assertion/rewrite.py:197: in exec_module
    exec(co, module.__dict__)
test/test_agent_real_llm_creation.py:17: in <module>
    from src.agents.smart_agent import create_smart_agent
src/agents/__init__.py:3: in <module>
    from .executor_agent import create_executor_agent
src/agents/executor_agent.py:7: in <module>
    from crewai import Agent
E   ModuleNotFoundError: No module named 'crewai'
____________ ERROR collecting test/test_comprehensive_validation.py ____________
ImportError while importing test module '/workspace/test/test_comprehensive_validation.py'.
Hint: make sure your test modules/packages have valid Python names.
Traceback:
/usr/local/lib/python3.13/site-packages/_pytest/python.py:507: in importtestmodule
    mod = import_path(
/usr/local/lib/python3.13/site-packages/_pytest/pathlib.py:587: in import_path
    importlib.import_module(module_name)
/usr/local/lib/python3.13/importlib/__init__.py:88: in import_module
    return _bootstrap._gcd_import(name[level:], package, level)
           ^^^^^^^^^^^^^^^^^^^^^^^^^^^^^^^^^^^^^^^^^^^^^^^^^^^^
<frozen importlib._bootstrap>:1387: in _gcd_import
    ???
<frozen importlib._bootstrap>:1360: in _find_and_load
    ???
<frozen importlib._bootstrap>:1331: in _find_and_load_unlocked
    ???
<frozen importlib._bootstrap>:935: in _load_unlocked
    ???
/usr/local/lib/python3.13/site-packages/_pytest/assertion/rewrite.py:197: in exec_module
    exec(co, module.__dict__)
test/test_comprehensive_validation.py:27: in <module>
    from src.todo_manager import TodoManager
src/todo_manager.py:13: in <module>
    from .core.types import TaskType
src/core/__init__.py:15: in <module>
    from .server_core import ServerCore, TaskExecutor, RevisionExecutor, TodoGenerator
src/core/server_core.py:24: in <module>
    from ..quality import QualityGateManager
src/quality/__init__.py:8: in <module>
    from .quality_gate_manager import QualityGateManager
src/quality/quality_gate_manager.py:12: in <module>
    from .checkers import (
src/quality/checkers/__init__.py:11: in <module>
    from .resource_checker import ResourceChecker
src/quality/checkers/resource_checker.py:6: in <module>
    import psutil
E   ModuleNotFoundError: No module named 'psutil'
_____________ ERROR collecting test/test_core_components_smoke.py ______________
ImportError while importing test module '/workspace/test/test_core_components_smoke.py'.
Hint: make sure your test modules/packages have valid Python names.
Traceback:
/usr/local/lib/python3.13/site-packages/_pytest/python.py:507: in importtestmodule
    mod = import_path(
/usr/local/lib/python3.13/site-packages/_pytest/pathlib.py:587: in import_path
    importlib.import_module(module_name)
/usr/local/lib/python3.13/importlib/__init__.py:88: in import_module
    return _bootstrap._gcd_import(name[level:], package, level)
           ^^^^^^^^^^^^^^^^^^^^^^^^^^^^^^^^^^^^^^^^^^^^^^^^^^^^
<frozen importlib._bootstrap>:1387: in _gcd_import
    ???
<frozen importlib._bootstrap>:1360: in _find_and_load
    ???
<frozen importlib._bootstrap>:1331: in _find_and_load_unlocked
    ???
<frozen importlib._bootstrap>:935: in _load_unlocked
    ???
/usr/local/lib/python3.13/site-packages/_pytest/assertion/rewrite.py:197: in exec_module
    exec(co, module.__dict__)
test/test_core_components_smoke.py:15: in <module>
    from src.core.types import (
src/core/__init__.py:15: in <module>
    from .server_core import ServerCore, TaskExecutor, RevisionExecutor, TodoGenerator
src/core/server_core.py:24: in <module>
    from ..quality import QualityGateManager
src/quality/__init__.py:8: in <module>
    from .quality_gate_manager import QualityGateManager
src/quality/quality_gate_manager.py:12: in <module>
    from .checkers import (
src/quality/checkers/__init__.py:11: in <module>
    from .resource_checker import ResourceChecker
src/quality/checkers/resource_checker.py:6: in <module>
    import psutil
E   ModuleNotFoundError: No module named 'psutil'
____________ ERROR collecting test/test_core_quality_integration.py ____________
ImportError while importing test module '/workspace/test/test_core_quality_integration.py'.
Hint: make sure your test modules/packages have valid Python names.
Traceback:
/usr/local/lib/python3.13/site-packages/_pytest/python.py:507: in importtestmodule
    mod = import_path(
/usr/local/lib/python3.13/site-packages/_pytest/pathlib.py:587: in import_path
    importlib.import_module(module_name)
/usr/local/lib/python3.13/importlib/__init__.py:88: in import_module
    return _bootstrap._gcd_import(name[level:], package, level)
           ^^^^^^^^^^^^^^^^^^^^^^^^^^^^^^^^^^^^^^^^^^^^^^^^^^^^
<frozen importlib._bootstrap>:1387: in _gcd_import
    ???
<frozen importlib._bootstrap>:1360: in _find_and_load
    ???
<frozen importlib._bootstrap>:1331: in _find_and_load_unlocked
    ???
<frozen importlib._bootstrap>:935: in _load_unlocked
    ???
/usr/local/lib/python3.13/site-packages/_pytest/assertion/rewrite.py:197: in exec_module
    exec(co, module.__dict__)
test/test_core_quality_integration.py:12: in <module>
    from src.core.di_container import DependencyInjectionContainer
src/core/__init__.py:15: in <module>
    from .server_core import ServerCore, TaskExecutor, RevisionExecutor, TodoGenerator
src/core/server_core.py:24: in <module>
    from ..quality import QualityGateManager
src/quality/__init__.py:8: in <module>
    from .quality_gate_manager import QualityGateManager
src/quality/quality_gate_manager.py:12: in <module>
    from .checkers import (
src/quality/checkers/__init__.py:11: in <module>
    from .resource_checker import ResourceChecker
src/quality/checkers/resource_checker.py:6: in <module>
    import psutil
E   ModuleNotFoundError: No module named 'psutil'
___________________ ERROR collecting test/test_core_smoke.py ___________________
ImportError while importing test module '/workspace/test/test_core_smoke.py'.
Hint: make sure your test modules/packages have valid Python names.
Traceback:
/usr/local/lib/python3.13/site-packages/_pytest/python.py:507: in importtestmodule
    mod = import_path(
/usr/local/lib/python3.13/site-packages/_pytest/pathlib.py:587: in import_path
    importlib.import_module(module_name)
/usr/local/lib/python3.13/importlib/__init__.py:88: in import_module
    return _bootstrap._gcd_import(name[level:], package, level)
           ^^^^^^^^^^^^^^^^^^^^^^^^^^^^^^^^^^^^^^^^^^^^^^^^^^^^
<frozen importlib._bootstrap>:1387: in _gcd_import
    ???
<frozen importlib._bootstrap>:1360: in _find_and_load
    ???
<frozen importlib._bootstrap>:1331: in _find_and_load_unlocked
    ???
<frozen importlib._bootstrap>:935: in _load_unlocked
    ???
/usr/local/lib/python3.13/site-packages/_pytest/assertion/rewrite.py:197: in exec_module
    exec(co, module.__dict__)
test/test_core_smoke.py:16: in <module>
    from src.core.di_container import DIContainer, ServiceDescriptor, ServiceLifetime, DependencyInjectionException
src/core/__init__.py:15: in <module>
    from .server_core import ServerCore, TaskExecutor, RevisionExecutor, TodoGenerator
src/core/server_core.py:24: in <module>
    from ..quality import QualityGateManager
src/quality/__init__.py:8: in <module>
    from .quality_gate_manager import QualityGateManager
src/quality/quality_gate_manager.py:12: in <module>
    from .checkers import (
src/quality/checkers/__init__.py:11: in <module>
    from .resource_checker import ResourceChecker
src/quality/checkers/resource_checker.py:6: in <module>
    import psutil
E   ModuleNotFoundError: No module named 'psutil'
__________________ ERROR collecting test/test_core_static.py ___________________
ImportError while importing test module '/workspace/test/test_core_static.py'.
Hint: make sure your test modules/packages have valid Python names.
Traceback:
/usr/local/lib/python3.13/site-packages/_pytest/python.py:507: in importtestmodule
    mod = import_path(
/usr/local/lib/python3.13/site-packages/_pytest/pathlib.py:587: in import_path
    importlib.import_module(module_name)
/usr/local/lib/python3.13/importlib/__init__.py:88: in import_module
    return _bootstrap._gcd_import(name[level:], package, level)
           ^^^^^^^^^^^^^^^^^^^^^^^^^^^^^^^^^^^^^^^^^^^^^^^^^^^^
<frozen importlib._bootstrap>:1387: in _gcd_import
    ???
<frozen importlib._bootstrap>:1360: in _find_and_load
    ???
<frozen importlib._bootstrap>:1331: in _find_and_load_unlocked
    ???
<frozen importlib._bootstrap>:935: in _load_unlocked
    ???
/usr/local/lib/python3.13/site-packages/_pytest/assertion/rewrite.py:197: in exec_module
    exec(co, module.__dict__)
test/test_core_static.py:18: in <module>
    from src.core.di_container import DIContainer, ServiceDescriptor, ServiceLifetime, DependencyInjectionException
src/core/__init__.py:15: in <module>
    from .server_core import ServerCore, TaskExecutor, RevisionExecutor, TodoGenerator
src/core/server_core.py:24: in <module>
    from ..quality import QualityGateManager
src/quality/__init__.py:8: in <module>
    from .quality_gate_manager import QualityGateManager
src/quality/quality_gate_manager.py:12: in <module>
    from .checkers import (
src/quality/checkers/__init__.py:11: in <module>
    from .resource_checker import ResourceChecker
src/quality/checkers/resource_checker.py:6: in <module>
    import psutil
E   ModuleNotFoundError: No module named 'psutil'
_______________ ERROR collecting test/test_core_types_static.py ________________
ImportError while importing test module '/workspace/test/test_core_types_static.py'.
Hint: make sure your test modules/packages have valid Python names.
Traceback:
/usr/local/lib/python3.13/site-packages/_pytest/python.py:507: in importtestmodule
    mod = import_path(
/usr/local/lib/python3.13/site-packages/_pytest/pathlib.py:587: in import_path
    importlib.import_module(module_name)
/usr/local/lib/python3.13/importlib/__init__.py:88: in import_module
    return _bootstrap._gcd_import(name[level:], package, level)
           ^^^^^^^^^^^^^^^^^^^^^^^^^^^^^^^^^^^^^^^^^^^^^^^^^^^^
<frozen importlib._bootstrap>:1387: in _gcd_import
    ???
<frozen importlib._bootstrap>:1360: in _find_and_load
    ???
<frozen importlib._bootstrap>:1331: in _find_and_load_unlocked
    ???
<frozen importlib._bootstrap>:935: in _load_unlocked
    ???
/usr/local/lib/python3.13/site-packages/_pytest/assertion/rewrite.py:197: in exec_module
    exec(co, module.__dict__)
test/test_core_types_static.py:12: in <module>
    from src.core.types import (
src/core/__init__.py:15: in <module>
    from .server_core import ServerCore, TaskExecutor, RevisionExecutor, TodoGenerator
src/core/server_core.py:24: in <module>
    from ..quality import QualityGateManager
src/quality/__init__.py:8: in <module>
    from .quality_gate_manager import QualityGateManager
src/quality/quality_gate_manager.py:12: in <module>
    from .checkers import (
src/quality/checkers/__init__.py:11: in <module>
    from .resource_checker import ResourceChecker
src/quality/checkers/resource_checker.py:6: in <module>
    import psutil
E   ModuleNotFoundError: No module named 'psutil'
____________ ERROR collecting test/test_cursor_integration_only.py _____________
ImportError while importing test module '/workspace/test/test_cursor_integration_only.py'.
Hint: make sure your test modules/packages have valid Python names.
Traceback:
/usr/local/lib/python3.13/site-packages/_pytest/python.py:507: in importtestmodule
    mod = import_path(
/usr/local/lib/python3.13/site-packages/_pytest/pathlib.py:587: in import_path
    importlib.import_module(module_name)
/usr/local/lib/python3.13/importlib/__init__.py:88: in import_module
    return _bootstrap._gcd_import(name[level:], package, level)
           ^^^^^^^^^^^^^^^^^^^^^^^^^^^^^^^^^^^^^^^^^^^^^^^^^^^^
<frozen importlib._bootstrap>:1387: in _gcd_import
    ???
<frozen importlib._bootstrap>:1360: in _find_and_load
    ???
<frozen importlib._bootstrap>:1331: in _find_and_load_unlocked
    ???
<frozen importlib._bootstrap>:935: in _load_unlocked
    ???
/usr/local/lib/python3.13/site-packages/_pytest/assertion/rewrite.py:197: in exec_module
    exec(co, module.__dict__)
test/test_cursor_integration_only.py:21: in <module>
    from src.todo_manager import TodoManager
src/todo_manager.py:13: in <module>
    from .core.types import TaskType
src/core/__init__.py:15: in <module>
    from .server_core import ServerCore, TaskExecutor, RevisionExecutor, TodoGenerator
src/core/server_core.py:24: in <module>
    from ..quality import QualityGateManager
src/quality/__init__.py:8: in <module>
    from .quality_gate_manager import QualityGateManager
src/quality/quality_gate_manager.py:12: in <module>
    from .checkers import (
src/quality/checkers/__init__.py:11: in <module>
    from .resource_checker import ResourceChecker
src/quality/checkers/resource_checker.py:6: in <module>
    import psutil
E   ModuleNotFoundError: No module named 'psutil'
_________________ ERROR collecting test/test_di_integration.py _________________
ImportError while importing test module '/workspace/test/test_di_integration.py'.
Hint: make sure your test modules/packages have valid Python names.
Traceback:
/usr/local/lib/python3.13/site-packages/_pytest/python.py:507: in importtestmodule
    mod = import_path(
/usr/local/lib/python3.13/site-packages/_pytest/pathlib.py:587: in import_path
    importlib.import_module(module_name)
/usr/local/lib/python3.13/importlib/__init__.py:88: in import_module
    return _bootstrap._gcd_import(name[level:], package, level)
           ^^^^^^^^^^^^^^^^^^^^^^^^^^^^^^^^^^^^^^^^^^^^^^^^^^^^
<frozen importlib._bootstrap>:1387: in _gcd_import
    ???
<frozen importlib._bootstrap>:1360: in _find_and_load
    ???
<frozen importlib._bootstrap>:1331: in _find_and_load_unlocked
    ???
<frozen importlib._bootstrap>:935: in _load_unlocked
    ???
/usr/local/lib/python3.13/site-packages/_pytest/assertion/rewrite.py:197: in exec_module
    exec(co, module.__dict__)
test/test_di_integration.py:15: in <module>
    from src.core.di_container import DIContainer, ServiceLifetime, create_default_container, DependencyInjectionException
src/core/__init__.py:15: in <module>
    from .server_core import ServerCore, TaskExecutor, RevisionExecutor, TodoGenerator
src/core/server_core.py:24: in <module>
    from ..quality import QualityGateManager
src/quality/__init__.py:8: in <module>
    from .quality_gate_manager import QualityGateManager
src/quality/quality_gate_manager.py:12: in <module>
    from .checkers import (
src/quality/checkers/__init__.py:11: in <module>
    from .resource_checker import ResourceChecker
src/quality/checkers/resource_checker.py:6: in <module>
    import psutil
E   ModuleNotFoundError: No module named 'psutil'
_________________ ERROR collecting test/test_di_only_static.py _________________
ImportError while importing test module '/workspace/test/test_di_only_static.py'.
Hint: make sure your test modules/packages have valid Python names.
Traceback:
/usr/local/lib/python3.13/site-packages/_pytest/python.py:507: in importtestmodule
    mod = import_path(
/usr/local/lib/python3.13/site-packages/_pytest/pathlib.py:587: in import_path
    importlib.import_module(module_name)
/usr/local/lib/python3.13/importlib/__init__.py:88: in import_module
    return _bootstrap._gcd_import(name[level:], package, level)
           ^^^^^^^^^^^^^^^^^^^^^^^^^^^^^^^^^^^^^^^^^^^^^^^^^^^^
<frozen importlib._bootstrap>:1387: in _gcd_import
    ???
<frozen importlib._bootstrap>:1360: in _find_and_load
    ???
<frozen importlib._bootstrap>:1331: in _find_and_load_unlocked
    ???
<frozen importlib._bootstrap>:935: in _load_unlocked
    ???
/usr/local/lib/python3.13/site-packages/_pytest/assertion/rewrite.py:197: in exec_module
    exec(co, module.__dict__)
test/test_di_only_static.py:18: in <module>
    from core.di_container import (
src/core/__init__.py:15: in <module>
    from .server_core import ServerCore, TaskExecutor, RevisionExecutor, TodoGenerator
src/core/server_core.py:23: in <module>
    from ..core.interfaces import ITodoManager, IStatusManager, ICheckpointManager, ILogger
E   ImportError: attempted relative import beyond top-level package
____________________ ERROR collecting test/test_di_smoke.py ____________________
ImportError while importing test module '/workspace/test/test_di_smoke.py'.
Hint: make sure your test modules/packages have valid Python names.
Traceback:
/usr/local/lib/python3.13/site-packages/_pytest/python.py:507: in importtestmodule
    mod = import_path(
/usr/local/lib/python3.13/site-packages/_pytest/pathlib.py:587: in import_path
    importlib.import_module(module_name)
/usr/local/lib/python3.13/importlib/__init__.py:88: in import_module
    return _bootstrap._gcd_import(name[level:], package, level)
           ^^^^^^^^^^^^^^^^^^^^^^^^^^^^^^^^^^^^^^^^^^^^^^^^^^^^
<frozen importlib._bootstrap>:1387: in _gcd_import
    ???
<frozen importlib._bootstrap>:1360: in _find_and_load
    ???
<frozen importlib._bootstrap>:1331: in _find_and_load_unlocked
    ???
<frozen importlib._bootstrap>:935: in _load_unlocked
    ???
/usr/local/lib/python3.13/site-packages/_pytest/assertion/rewrite.py:197: in exec_module
    exec(co, module.__dict__)
test/test_di_smoke.py:11: in <module>
    from src.core.di_container import DIContainer, ServiceLifetime, DependencyInjectionException
src/core/__init__.py:15: in <module>
    from .server_core import ServerCore, TaskExecutor, RevisionExecutor, TodoGenerator
src/core/server_core.py:24: in <module>
    from ..quality import QualityGateManager
src/quality/__init__.py:8: in <module>
    from .quality_gate_manager import QualityGateManager
src/quality/quality_gate_manager.py:12: in <module>
    from .checkers import (
src/quality/checkers/__init__.py:11: in <module>
    from .resource_checker import ResourceChecker
src/quality/checkers/resource_checker.py:6: in <module>
    import psutil
E   ModuleNotFoundError: No module named 'psutil'
____________________ ERROR collecting test/test_di_solid.py ____________________
ImportError while importing test module '/workspace/test/test_di_solid.py'.
Hint: make sure your test modules/packages have valid Python names.
Traceback:
/usr/local/lib/python3.13/site-packages/_pytest/python.py:507: in importtestmodule
    mod = import_path(
/usr/local/lib/python3.13/site-packages/_pytest/pathlib.py:587: in import_path
    importlib.import_module(module_name)
/usr/local/lib/python3.13/importlib/__init__.py:88: in import_module
    return _bootstrap._gcd_import(name[level:], package, level)
           ^^^^^^^^^^^^^^^^^^^^^^^^^^^^^^^^^^^^^^^^^^^^^^^^^^^^
<frozen importlib._bootstrap>:1387: in _gcd_import
    ???
<frozen importlib._bootstrap>:1360: in _find_and_load
    ???
<frozen importlib._bootstrap>:1331: in _find_and_load_unlocked
    ???
<frozen importlib._bootstrap>:935: in _load_unlocked
    ???
/usr/local/lib/python3.13/site-packages/_pytest/assertion/rewrite.py:197: in exec_module
    exec(co, module.__dict__)
test/test_di_solid.py:17: in <module>
    from src.core.di_container import DIContainer, ServiceLifetime, create_default_container
src/core/__init__.py:15: in <module>
    from .server_core import ServerCore, TaskExecutor, RevisionExecutor, TodoGenerator
src/core/server_core.py:24: in <module>
    from ..quality import QualityGateManager
src/quality/__init__.py:8: in <module>
    from .quality_gate_manager import QualityGateManager
src/quality/quality_gate_manager.py:12: in <module>
    from .checkers import (
src/quality/checkers/__init__.py:11: in <module>
    from .resource_checker import ResourceChecker
src/quality/checkers/resource_checker.py:6: in <module>
    import psutil
E   ModuleNotFoundError: No module named 'psutil'
___________________ ERROR collecting test/test_di_static.py ____________________
ImportError while importing test module '/workspace/test/test_di_static.py'.
Hint: make sure your test modules/packages have valid Python names.
Traceback:
/usr/local/lib/python3.13/site-packages/_pytest/python.py:507: in importtestmodule
    mod = import_path(
/usr/local/lib/python3.13/site-packages/_pytest/pathlib.py:587: in import_path
    importlib.import_module(module_name)
/usr/local/lib/python3.13/importlib/__init__.py:88: in import_module
    return _bootstrap._gcd_import(name[level:], package, level)
           ^^^^^^^^^^^^^^^^^^^^^^^^^^^^^^^^^^^^^^^^^^^^^^^^^^^^
<frozen importlib._bootstrap>:1387: in _gcd_import
    ???
<frozen importlib._bootstrap>:1360: in _find_and_load
    ???
<frozen importlib._bootstrap>:1331: in _find_and_load_unlocked
    ???
<frozen importlib._bootstrap>:935: in _load_unlocked
    ???
/usr/local/lib/python3.13/site-packages/_pytest/assertion/rewrite.py:197: in exec_module
    exec(co, module.__dict__)
test/test_di_static.py:13: in <module>
    from src.core.di_container import (
src/core/__init__.py:15: in <module>
    from .server_core import ServerCore, TaskExecutor, RevisionExecutor, TodoGenerator
src/core/server_core.py:24: in <module>
    from ..quality import QualityGateManager
src/quality/__init__.py:8: in <module>
    from .quality_gate_manager import QualityGateManager
src/quality/quality_gate_manager.py:12: in <module>
    from .checkers import (
src/quality/checkers/__init__.py:11: in <module>
    from .resource_checker import ResourceChecker
src/quality/checkers/resource_checker.py:6: in <module>
    import psutil
E   ModuleNotFoundError: No module named 'psutil'
________________ ERROR collecting test/test_example_function.py ________________
ImportError while importing test module '/workspace/test/test_example_function.py'.
Hint: make sure your test modules/packages have valid Python names.
Traceback:
/usr/local/lib/python3.13/site-packages/_pytest/python.py:507: in importtestmodule
    mod = import_path(
/usr/local/lib/python3.13/site-packages/_pytest/pathlib.py:587: in import_path
    importlib.import_module(module_name)
/usr/local/lib/python3.13/importlib/__init__.py:88: in import_module
    return _bootstrap._gcd_import(name[level:], package, level)
           ^^^^^^^^^^^^^^^^^^^^^^^^^^^^^^^^^^^^^^^^^^^^^^^^^^^^
<frozen importlib._bootstrap>:1387: in _gcd_import
    ???
<frozen importlib._bootstrap>:1360: in _find_and_load
    ???
<frozen importlib._bootstrap>:1331: in _find_and_load_unlocked
    ???
<frozen importlib._bootstrap>:935: in _load_unlocked
    ???
/usr/local/lib/python3.13/site-packages/_pytest/assertion/rewrite.py:197: in exec_module
    exec(co, module.__dict__)
test/test_example_function.py:3: in <module>
    from src.core.example_function import new_function
src/core/__init__.py:15: in <module>
    from .server_core import ServerCore, TaskExecutor, RevisionExecutor, TodoGenerator
src/core/server_core.py:24: in <module>
    from ..quality import QualityGateManager
src/quality/__init__.py:8: in <module>
    from .quality_gate_manager import QualityGateManager
src/quality/quality_gate_manager.py:12: in <module>
    from .checkers import (
src/quality/checkers/__init__.py:11: in <module>
    from .resource_checker import ResourceChecker
src/quality/checkers/resource_checker.py:6: in <module>
    import psutil
E   ModuleNotFoundError: No module named 'psutil'
___________________ ERROR collecting test/test_full_cycle.py ___________________
ImportError while importing test module '/workspace/test/test_full_cycle.py'.
Hint: make sure your test modules/packages have valid Python names.
Traceback:
/usr/local/lib/python3.13/site-packages/_pytest/python.py:507: in importtestmodule
    mod = import_path(
/usr/local/lib/python3.13/site-packages/_pytest/pathlib.py:587: in import_path
    importlib.import_module(module_name)
/usr/local/lib/python3.13/importlib/__init__.py:88: in import_module
    return _bootstrap._gcd_import(name[level:], package, level)
           ^^^^^^^^^^^^^^^^^^^^^^^^^^^^^^^^^^^^^^^^^^^^^^^^^^^^
<frozen importlib._bootstrap>:1387: in _gcd_import
    ???
<frozen importlib._bootstrap>:1360: in _find_and_load
    ???
<frozen importlib._bootstrap>:1331: in _find_and_load_unlocked
    ???
<frozen importlib._bootstrap>:935: in _load_unlocked
    ???
/usr/local/lib/python3.13/site-packages/_pytest/assertion/rewrite.py:197: in exec_module
    exec(co, module.__dict__)
test/test_full_cycle.py:21: in <module>
    from src.todo_manager import TodoManager, TodoItem
src/todo_manager.py:13: in <module>
    from .core.types import TaskType
src/core/__init__.py:15: in <module>
    from .server_core import ServerCore, TaskExecutor, RevisionExecutor, TodoGenerator
src/core/server_core.py:24: in <module>
    from ..quality import QualityGateManager
src/quality/__init__.py:8: in <module>
    from .quality_gate_manager import QualityGateManager
src/quality/quality_gate_manager.py:12: in <module>
    from .checkers import (
src/quality/checkers/__init__.py:11: in <module>
    from .resource_checker import ResourceChecker
src/quality/checkers/resource_checker.py:6: in <module>
    import psutil
E   ModuleNotFoundError: No module named 'psutil'
_____________ ERROR collecting test/test_full_cycle_with_server.py _____________
ImportError while importing test module '/workspace/test/test_full_cycle_with_server.py'.
Hint: make sure your test modules/packages have valid Python names.
Traceback:
/usr/local/lib/python3.13/site-packages/_pytest/python.py:507: in importtestmodule
    mod = import_path(
/usr/local/lib/python3.13/site-packages/_pytest/pathlib.py:587: in import_path
    importlib.import_module(module_name)
/usr/local/lib/python3.13/importlib/__init__.py:88: in import_module
    return _bootstrap._gcd_import(name[level:], package, level)
           ^^^^^^^^^^^^^^^^^^^^^^^^^^^^^^^^^^^^^^^^^^^^^^^^^^^^
<frozen importlib._bootstrap>:1387: in _gcd_import
    ???
<frozen importlib._bootstrap>:1360: in _find_and_load
    ???
<frozen importlib._bootstrap>:1331: in _find_and_load_unlocked
    ???
<frozen importlib._bootstrap>:935: in _load_unlocked
    ???
/usr/local/lib/python3.13/site-packages/_pytest/assertion/rewrite.py:197: in exec_module
    exec(co, module.__dict__)
test/test_full_cycle_with_server.py:18: in <module>
    from src.todo_manager import TodoManager, TodoItem
src/todo_manager.py:13: in <module>
    from .core.types import TaskType
src/core/__init__.py:15: in <module>
    from .server_core import ServerCore, TaskExecutor, RevisionExecutor, TodoGenerator
src/core/server_core.py:24: in <module>
    from ..quality import QualityGateManager
src/quality/__init__.py:8: in <module>
    from .quality_gate_manager import QualityGateManager
src/quality/quality_gate_manager.py:12: in <module>
    from .checkers import (
src/quality/checkers/__init__.py:11: in <module>
    from .resource_checker import ResourceChecker
src/quality/checkers/resource_checker.py:6: in <module>
    import psutil
E   ModuleNotFoundError: No module named 'psutil'
________________ ERROR collecting test/test_hybrid_interface.py ________________
ImportError while importing test module '/workspace/test/test_hybrid_interface.py'.
Hint: make sure your test modules/packages have valid Python names.
Traceback:
src/hybrid_cursor_interface.py:17: in <module>
    from .cursor_cli_interface import CursorCLIInterface, CursorCLIResult
E   ImportError: cannot import name 'CursorCLIResult' from 'src.cursor_cli_interface' (/workspace/src/cursor_cli_interface.py)

During handling of the above exception, another exception occurred:
/usr/local/lib/python3.13/site-packages/_pytest/python.py:507: in importtestmodule
    mod = import_path(
/usr/local/lib/python3.13/site-packages/_pytest/pathlib.py:587: in import_path
    importlib.import_module(module_name)
/usr/local/lib/python3.13/importlib/__init__.py:88: in import_module
    return _bootstrap._gcd_import(name[level:], package, level)
           ^^^^^^^^^^^^^^^^^^^^^^^^^^^^^^^^^^^^^^^^^^^^^^^^^^^^
<frozen importlib._bootstrap>:1387: in _gcd_import
    ???
<frozen importlib._bootstrap>:1360: in _find_and_load
    ???
<frozen importlib._bootstrap>:1331: in _find_and_load_unlocked
    ???
<frozen importlib._bootstrap>:935: in _load_unlocked
    ???
/usr/local/lib/python3.13/site-packages/_pytest/assertion/rewrite.py:197: in exec_module
    exec(co, module.__dict__)
test/test_hybrid_interface.py:19: in <module>
    from src.hybrid_cursor_interface import (
src/hybrid_cursor_interface.py:21: in <module>
    from cursor_cli_interface import CursorCLIInterface, CursorCLIResult
E   ImportError: cannot import name 'CursorCLIResult' from 'cursor_cli_interface' (/workspace/src/cursor_cli_interface.py)
_________ ERROR collecting test/test_integration_new_functionality.py __________
ImportError while importing test module '/workspace/test/test_integration_new_functionality.py'.
Hint: make sure your test modules/packages have valid Python names.
Traceback:
/usr/local/lib/python3.13/site-packages/_pytest/python.py:507: in importtestmodule
    mod = import_path(
/usr/local/lib/python3.13/site-packages/_pytest/pathlib.py:587: in import_path
    importlib.import_module(module_name)
/usr/local/lib/python3.13/importlib/__init__.py:88: in import_module
    return _bootstrap._gcd_import(name[level:], package, level)
           ^^^^^^^^^^^^^^^^^^^^^^^^^^^^^^^^^^^^^^^^^^^^^^^^^^^^
<frozen importlib._bootstrap>:1387: in _gcd_import
    ???
<frozen importlib._bootstrap>:1360: in _find_and_load
    ???
<frozen importlib._bootstrap>:1331: in _find_and_load_unlocked
    ???
<frozen importlib._bootstrap>:935: in _load_unlocked
    ???
/usr/local/lib/python3.13/site-packages/_pytest/assertion/rewrite.py:197: in exec_module
    exec(co, module.__dict__)
test/test_integration_new_functionality.py:16: in <module>
    from src.core.di_container import DIContainer
src/core/__init__.py:15: in <module>
    from .server_core import ServerCore, TaskExecutor, RevisionExecutor, TodoGenerator
src/core/server_core.py:24: in <module>
    from ..quality import QualityGateManager
src/quality/__init__.py:8: in <module>
    from .quality_gate_manager import QualityGateManager
src/quality/quality_gate_manager.py:12: in <module>
    from .checkers import (
src/quality/checkers/__init__.py:11: in <module>
    from .resource_checker import ResourceChecker
src/quality/checkers/resource_checker.py:6: in <module>
    import psutil
E   ModuleNotFoundError: No module named 'psutil'
_________________ ERROR collecting test/test_interfaces_new.py _________________
ImportError while importing test module '/workspace/test/test_interfaces_new.py'.
Hint: make sure your test modules/packages have valid Python names.
Traceback:
/usr/local/lib/python3.13/site-packages/_pytest/python.py:507: in importtestmodule
    mod = import_path(
/usr/local/lib/python3.13/site-packages/_pytest/pathlib.py:587: in import_path
    importlib.import_module(module_name)
/usr/local/lib/python3.13/importlib/__init__.py:88: in import_module
    return _bootstrap._gcd_import(name[level:], package, level)
           ^^^^^^^^^^^^^^^^^^^^^^^^^^^^^^^^^^^^^^^^^^^^^^^^^^^^
<frozen importlib._bootstrap>:1387: in _gcd_import
    ???
<frozen importlib._bootstrap>:1360: in _find_and_load
    ???
<frozen importlib._bootstrap>:1331: in _find_and_load_unlocked
    ???
<frozen importlib._bootstrap>:935: in _load_unlocked
    ???
/usr/local/lib/python3.13/site-packages/_pytest/assertion/rewrite.py:197: in exec_module
    exec(co, module.__dict__)
test/test_interfaces_new.py:13: in <module>
    from src.core.mock_implementations import MockServer, MockAgentManager, MockTaskManager
src/core/__init__.py:15: in <module>
    from .server_core import ServerCore, TaskExecutor, RevisionExecutor, TodoGenerator
src/core/server_core.py:24: in <module>
    from ..quality import QualityGateManager
src/quality/__init__.py:8: in <module>
    from .quality_gate_manager import QualityGateManager
src/quality/quality_gate_manager.py:12: in <module>
    from .checkers import (
src/quality/checkers/__init__.py:11: in <module>
    from .resource_checker import ResourceChecker
src/quality/checkers/resource_checker.py:6: in <module>
    import psutil
E   ModuleNotFoundError: No module named 'psutil'
______________ ERROR collecting test/test_learning_tool_static.py ______________
ImportError while importing test module '/workspace/test/test_learning_tool_static.py'.
Hint: make sure your test modules/packages have valid Python names.
Traceback:
/usr/local/lib/python3.13/site-packages/_pytest/python.py:507: in importtestmodule
    mod = import_path(
/usr/local/lib/python3.13/site-packages/_pytest/pathlib.py:587: in import_path
    importlib.import_module(module_name)
/usr/local/lib/python3.13/importlib/__init__.py:88: in import_module
    return _bootstrap._gcd_import(name[level:], package, level)
           ^^^^^^^^^^^^^^^^^^^^^^^^^^^^^^^^^^^^^^^^^^^^^^^^^^^^
<frozen importlib._bootstrap>:1387: in _gcd_import
    ???
<frozen importlib._bootstrap>:1360: in _find_and_load
    ???
<frozen importlib._bootstrap>:1331: in _find_and_load_unlocked
    ???
<frozen importlib._bootstrap>:935: in _load_unlocked
    ???
/usr/local/lib/python3.13/site-packages/_pytest/assertion/rewrite.py:197: in exec_module
    exec(co, module.__dict__)
test/test_learning_tool_static.py:9: in <module>
    from src.tools.learning_tool import LearningTool, normalize_unicode_text
src/tools/__init__.py:3: in <module>
    from .learning_tool import LearningTool
src/tools/learning_tool.py:20: in <module>
    from crewai.tools.base_tool import BaseTool
E   ModuleNotFoundError: No module named 'crewai'
________________ ERROR collecting test/test_mcp_integration.py _________________
ImportError while importing test module '/workspace/test/test_mcp_integration.py'.
Hint: make sure your test modules/packages have valid Python names.
Traceback:
/usr/local/lib/python3.13/site-packages/_pytest/python.py:507: in importtestmodule
    mod = import_path(
/usr/local/lib/python3.13/site-packages/_pytest/pathlib.py:587: in import_path
    importlib.import_module(module_name)
/usr/local/lib/python3.13/importlib/__init__.py:88: in import_module
    return _bootstrap._gcd_import(name[level:], package, level)
           ^^^^^^^^^^^^^^^^^^^^^^^^^^^^^^^^^^^^^^^^^^^^^^^^^^^^
<frozen importlib._bootstrap>:1387: in _gcd_import
    ???
<frozen importlib._bootstrap>:1360: in _find_and_load
    ???
<frozen importlib._bootstrap>:1331: in _find_and_load_unlocked
    ???
<frozen importlib._bootstrap>:935: in _load_unlocked
    ???
/usr/local/lib/python3.13/site-packages/_pytest/assertion/rewrite.py:197: in exec_module
    exec(co, module.__dict__)
test/test_mcp_integration.py:17: in <module>
    from src.mcp.server import MCPServer
src/mcp/server.py:31: in <module>
    from .auth import AuthManager, User
src/mcp/auth.py:7: in <module>
    import jwt
E   ModuleNotFoundError: No module named 'jwt'
_______________ ERROR collecting test/test_new_feature_smoke.py ________________
ImportError while importing test module '/workspace/test/test_new_feature_smoke.py'.
Hint: make sure your test modules/packages have valid Python names.
Traceback:
/usr/local/lib/python3.13/site-packages/_pytest/python.py:507: in importtestmodule
    mod = import_path(
/usr/local/lib/python3.13/site-packages/_pytest/pathlib.py:587: in import_path
    importlib.import_module(module_name)
/usr/local/lib/python3.13/importlib/__init__.py:88: in import_module
    return _bootstrap._gcd_import(name[level:], package, level)
           ^^^^^^^^^^^^^^^^^^^^^^^^^^^^^^^^^^^^^^^^^^^^^^^^^^^^
<frozen importlib._bootstrap>:1387: in _gcd_import
    ???
<frozen importlib._bootstrap>:1360: in _find_and_load
    ???
<frozen importlib._bootstrap>:1331: in _find_and_load_unlocked
    ???
<frozen importlib._bootstrap>:935: in _load_unlocked
    ???
/usr/local/lib/python3.13/site-packages/_pytest/assertion/rewrite.py:197: in exec_module
    exec(co, module.__dict__)
test/test_new_feature_smoke.py:3: in <module>
    from src.core.new_feature import NewFeature
src/core/__init__.py:15: in <module>
    from .server_core import ServerCore, TaskExecutor, RevisionExecutor, TodoGenerator
src/core/server_core.py:24: in <module>
    from ..quality import QualityGateManager
src/quality/__init__.py:8: in <module>
    from .quality_gate_manager import QualityGateManager
src/quality/quality_gate_manager.py:12: in <module>
    from .checkers import (
src/quality/checkers/__init__.py:11: in <module>
    from .resource_checker import ResourceChecker
src/quality/checkers/resource_checker.py:6: in <module>
    import psutil
E   ModuleNotFoundError: No module named 'psutil'
_______________ ERROR collecting test/test_new_feature_static.py _______________
ImportError while importing test module '/workspace/test/test_new_feature_static.py'.
Hint: make sure your test modules/packages have valid Python names.
Traceback:
/usr/local/lib/python3.13/site-packages/_pytest/python.py:507: in importtestmodule
    mod = import_path(
/usr/local/lib/python3.13/site-packages/_pytest/pathlib.py:587: in import_path
    importlib.import_module(module_name)
/usr/local/lib/python3.13/importlib/__init__.py:88: in import_module
    return _bootstrap._gcd_import(name[level:], package, level)
           ^^^^^^^^^^^^^^^^^^^^^^^^^^^^^^^^^^^^^^^^^^^^^^^^^^^^
<frozen importlib._bootstrap>:1387: in _gcd_import
    ???
<frozen importlib._bootstrap>:1360: in _find_and_load
    ???
<frozen importlib._bootstrap>:1331: in _find_and_load_unlocked
    ???
<frozen importlib._bootstrap>:935: in _load_unlocked
    ???
/usr/local/lib/python3.13/site-packages/_pytest/assertion/rewrite.py:197: in exec_module
    exec(co, module.__dict__)
test/test_new_feature_static.py:3: in <module>
    from src.core.new_feature import NewFeature  # Assuming a class named NewFeature in new_feature.py
    ^^^^^^^^^^^^^^^^^^^^^^^^^^^^^^^^^^^^^^^^^^^
src/core/__init__.py:15: in <module>
    from .server_core import ServerCore, TaskExecutor, RevisionExecutor, TodoGenerator
src/core/server_core.py:24: in <module>
    from ..quality import QualityGateManager
src/quality/__init__.py:8: in <module>
    from .quality_gate_manager import QualityGateManager
src/quality/quality_gate_manager.py:12: in <module>
    from .checkers import (
src/quality/checkers/__init__.py:11: in <module>
    from .resource_checker import ResourceChecker
src/quality/checkers/resource_checker.py:6: in <module>
    import psutil
E   ModuleNotFoundError: No module named 'psutil'
_________ ERROR collecting test/test_new_functionality_integration.py __________
ImportError while importing test module '/workspace/test/test_new_functionality_integration.py'.
Hint: make sure your test modules/packages have valid Python names.
Traceback:
/usr/local/lib/python3.13/site-packages/_pytest/python.py:507: in importtestmodule
    mod = import_path(
/usr/local/lib/python3.13/site-packages/_pytest/pathlib.py:587: in import_path
    importlib.import_module(module_name)
/usr/local/lib/python3.13/importlib/__init__.py:88: in import_module
    return _bootstrap._gcd_import(name[level:], package, level)
           ^^^^^^^^^^^^^^^^^^^^^^^^^^^^^^^^^^^^^^^^^^^^^^^^^^^^
<frozen importlib._bootstrap>:1387: in _gcd_import
    ???
<frozen importlib._bootstrap>:1360: in _find_and_load
    ???
<frozen importlib._bootstrap>:1331: in _find_and_load_unlocked
    ???
<frozen importlib._bootstrap>:935: in _load_unlocked
    ???
/usr/local/lib/python3.13/site-packages/_pytest/assertion/rewrite.py:197: in exec_module
    exec(co, module.__dict__)
test/test_new_functionality_integration.py:14: in <module>
    from src.tools.learning_tool import LearningTool
src/tools/__init__.py:3: in <module>
    from .learning_tool import LearningTool
src/tools/learning_tool.py:20: in <module>
    from crewai.tools.base_tool import BaseTool
E   ModuleNotFoundError: No module named 'crewai'
____________ ERROR collecting test/test_new_functionality_smoke.py _____________
ImportError while importing test module '/workspace/test/test_new_functionality_smoke.py'.
Hint: make sure your test modules/packages have valid Python names.
Traceback:
/usr/local/lib/python3.13/site-packages/_pytest/python.py:507: in importtestmodule
    mod = import_path(
/usr/local/lib/python3.13/site-packages/_pytest/pathlib.py:587: in import_path
    importlib.import_module(module_name)
/usr/local/lib/python3.13/importlib/__init__.py:88: in import_module
    return _bootstrap._gcd_import(name[level:], package, level)
           ^^^^^^^^^^^^^^^^^^^^^^^^^^^^^^^^^^^^^^^^^^^^^^^^^^^^
<frozen importlib._bootstrap>:1387: in _gcd_import
    ???
<frozen importlib._bootstrap>:1360: in _find_and_load
    ???
<frozen importlib._bootstrap>:1331: in _find_and_load_unlocked
    ???
<frozen importlib._bootstrap>:935: in _load_unlocked
    ???
/usr/local/lib/python3.13/site-packages/_pytest/assertion/rewrite.py:197: in exec_module
    exec(co, module.__dict__)
test/test_new_functionality_smoke.py:13: in <module>
    from src.tools.docker_utils import is_docker_available
src/tools/__init__.py:3: in <module>
    from .learning_tool import LearningTool
src/tools/learning_tool.py:20: in <module>
    from crewai.tools.base_tool import BaseTool
E   ModuleNotFoundError: No module named 'crewai'
____________ ERROR collecting test/test_new_functionality_static.py ____________
ImportError while importing test module '/workspace/test/test_new_functionality_static.py'.
Hint: make sure your test modules/packages have valid Python names.
Traceback:
/usr/local/lib/python3.13/site-packages/_pytest/python.py:507: in importtestmodule
    mod = import_path(
/usr/local/lib/python3.13/site-packages/_pytest/pathlib.py:587: in import_path
    importlib.import_module(module_name)
/usr/local/lib/python3.13/importlib/__init__.py:88: in import_module
    return _bootstrap._gcd_import(name[level:], package, level)
           ^^^^^^^^^^^^^^^^^^^^^^^^^^^^^^^^^^^^^^^^^^^^^^^^^^^^
<frozen importlib._bootstrap>:1387: in _gcd_import
    ???
<frozen importlib._bootstrap>:1360: in _find_and_load
    ???
<frozen importlib._bootstrap>:1331: in _find_and_load_unlocked
    ???
<frozen importlib._bootstrap>:935: in _load_unlocked
    ???
/usr/local/lib/python3.13/site-packages/_pytest/assertion/rewrite.py:197: in exec_module
    exec(co, module.__dict__)
test/test_new_functionality_static.py:13: in <module>
    from src.tools.docker_utils import is_docker_available
src/tools/__init__.py:3: in <module>
    from .learning_tool import LearningTool
src/tools/learning_tool.py:20: in <module>
    from crewai.tools.base_tool import BaseTool
E   ModuleNotFoundError: No module named 'crewai'
________ ERROR collecting test/test_new_server_functionality_static.py _________
/usr/local/lib/python3.13/site-packages/_pytest/python.py:507: in importtestmodule
    mod = import_path(
/usr/local/lib/python3.13/site-packages/_pytest/pathlib.py:587: in import_path
    importlib.import_module(module_name)
/usr/local/lib/python3.13/importlib/__init__.py:88: in import_module
    return _bootstrap._gcd_import(name[level:], package, level)
           ^^^^^^^^^^^^^^^^^^^^^^^^^^^^^^^^^^^^^^^^^^^^^^^^^^^^
<frozen importlib._bootstrap>:1387: in _gcd_import
    ???
<frozen importlib._bootstrap>:1360: in _find_and_load
    ???
<frozen importlib._bootstrap>:1331: in _find_and_load_unlocked
    ???
<frozen importlib._bootstrap>:935: in _load_unlocked
    ???
/usr/local/lib/python3.13/site-packages/_pytest/assertion/rewrite.py:188: in exec_module
    source_stat, co = _rewrite_test(fn, self.config)
                      ^^^^^^^^^^^^^^^^^^^^^^^^^^^^^^
/usr/local/lib/python3.13/site-packages/_pytest/assertion/rewrite.py:357: in _rewrite_test
    tree = ast.parse(source, filename=strfn)
           ^^^^^^^^^^^^^^^^^^^^^^^^^^^^^^^^^
/usr/local/lib/python3.13/ast.py:54: in parse
    return compile(source, filename, mode, flags,
E     File "/workspace/test/test_new_server_functionality_static.py", line 391
E       \"\"\"
E        ^
E   SyntaxError: unexpected character after line continuation character
_________________ ERROR collecting test/test_quality_smoke.py __________________
ImportError while importing test module '/workspace/test/test_quality_smoke.py'.
Hint: make sure your test modules/packages have valid Python names.
Traceback:
/usr/local/lib/python3.13/site-packages/_pytest/python.py:507: in importtestmodule
    mod = import_path(
/usr/local/lib/python3.13/site-packages/_pytest/pathlib.py:587: in import_path
    importlib.import_module(module_name)
/usr/local/lib/python3.13/importlib/__init__.py:88: in import_module
    return _bootstrap._gcd_import(name[level:], package, level)
           ^^^^^^^^^^^^^^^^^^^^^^^^^^^^^^^^^^^^^^^^^^^^^^^^^^^^
<frozen importlib._bootstrap>:1387: in _gcd_import
    ???
<frozen importlib._bootstrap>:1360: in _find_and_load
    ???
<frozen importlib._bootstrap>:1331: in _find_and_load_unlocked
    ???
<frozen importlib._bootstrap>:935: in _load_unlocked
    ???
/usr/local/lib/python3.13/site-packages/_pytest/assertion/rewrite.py:197: in exec_module
    exec(co, module.__dict__)
test/test_quality_smoke.py:16: in <module>
    from src.quality.quality_gate_manager import QualityGateManager
src/quality/__init__.py:8: in <module>
    from .quality_gate_manager import QualityGateManager
src/quality/quality_gate_manager.py:12: in <module>
    from .checkers import (
src/quality/checkers/__init__.py:11: in <module>
    from .resource_checker import ResourceChecker
src/quality/checkers/resource_checker.py:6: in <module>
    import psutil
E   ModuleNotFoundError: No module named 'psutil'
_________________ ERROR collecting test/test_quality_static.py _________________
ImportError while importing test module '/workspace/test/test_quality_static.py'.
Hint: make sure your test modules/packages have valid Python names.
Traceback:
/usr/local/lib/python3.13/site-packages/_pytest/python.py:507: in importtestmodule
    mod = import_path(
/usr/local/lib/python3.13/site-packages/_pytest/pathlib.py:587: in import_path
    importlib.import_module(module_name)
/usr/local/lib/python3.13/importlib/__init__.py:88: in import_module
    return _bootstrap._gcd_import(name[level:], package, level)
           ^^^^^^^^^^^^^^^^^^^^^^^^^^^^^^^^^^^^^^^^^^^^^^^^^^^^
<frozen importlib._bootstrap>:1387: in _gcd_import
    ???
<frozen importlib._bootstrap>:1360: in _find_and_load
    ???
<frozen importlib._bootstrap>:1331: in _find_and_load_unlocked
    ???
<frozen importlib._bootstrap>:935: in _load_unlocked
    ???
/usr/local/lib/python3.13/site-packages/_pytest/assertion/rewrite.py:197: in exec_module
    exec(co, module.__dict__)
test/test_quality_static.py:16: in <module>
    from src.quality.quality_gate_manager import QualityGateManager
src/quality/__init__.py:8: in <module>
    from .quality_gate_manager import QualityGateManager
src/quality/quality_gate_manager.py:12: in <module>
    from .checkers import (
src/quality/checkers/__init__.py:11: in <module>
    from .resource_checker import ResourceChecker
src/quality/checkers/resource_checker.py:6: in <module>
    import psutil
E   ModuleNotFoundError: No module named 'psutil'
____________________ ERROR collecting test/test_security.py ____________________
ImportError while importing test module '/workspace/test/test_security.py'.
Hint: make sure your test modules/packages have valid Python names.
Traceback:
/usr/local/lib/python3.13/site-packages/_pytest/python.py:507: in importtestmodule
    mod = import_path(
/usr/local/lib/python3.13/site-packages/_pytest/pathlib.py:587: in import_path
    importlib.import_module(module_name)
/usr/local/lib/python3.13/importlib/__init__.py:88: in import_module
    return _bootstrap._gcd_import(name[level:], package, level)
           ^^^^^^^^^^^^^^^^^^^^^^^^^^^^^^^^^^^^^^^^^^^^^^^^^^^^
<frozen importlib._bootstrap>:1387: in _gcd_import
    ???
<frozen importlib._bootstrap>:1360: in _find_and_load
    ???
<frozen importlib._bootstrap>:1331: in _find_and_load_unlocked
    ???
<frozen importlib._bootstrap>:935: in _load_unlocked
    ???
/usr/local/lib/python3.13/site-packages/_pytest/assertion/rewrite.py:197: in exec_module
    exec(co, module.__dict__)
test/test_security.py:18: in <module>
    from src.mcp.auth import AuthManager
src/mcp/auth.py:7: in <module>
    import jwt
E   ModuleNotFoundError: No module named 'jwt'
______________ ERROR collecting test/test_server_decomposition.py ______________
ImportError while importing test module '/workspace/test/test_server_decomposition.py'.
Hint: make sure your test modules/packages have valid Python names.
Traceback:
/usr/local/lib/python3.13/site-packages/_pytest/python.py:507: in importtestmodule
    mod = import_path(
/usr/local/lib/python3.13/site-packages/_pytest/pathlib.py:587: in import_path
    importlib.import_module(module_name)
/usr/local/lib/python3.13/importlib/__init__.py:88: in import_module
    return _bootstrap._gcd_import(name[level:], package, level)
           ^^^^^^^^^^^^^^^^^^^^^^^^^^^^^^^^^^^^^^^^^^^^^^^^^^^^
<frozen importlib._bootstrap>:1387: in _gcd_import
    ???
<frozen importlib._bootstrap>:1360: in _find_and_load
    ???
<frozen importlib._bootstrap>:1331: in _find_and_load_unlocked
    ???
<frozen importlib._bootstrap>:935: in _load_unlocked
    ???
/usr/local/lib/python3.13/site-packages/_pytest/assertion/rewrite.py:197: in exec_module
    exec(co, module.__dict__)
test/test_server_decomposition.py:12: in <module>
    from src.server import CodeAgentServer
src/server.py:18: in <module>
    from crewai import Task, Crew
E   ModuleNotFoundError: No module named 'crewai'
________________ ERROR collecting test/test_servercore_smoke.py ________________
ImportError while importing test module '/workspace/test/test_servercore_smoke.py'.
Hint: make sure your test modules/packages have valid Python names.
Traceback:
/usr/local/lib/python3.13/site-packages/_pytest/python.py:507: in importtestmodule
    mod = import_path(
/usr/local/lib/python3.13/site-packages/_pytest/pathlib.py:587: in import_path
    importlib.import_module(module_name)
/usr/local/lib/python3.13/importlib/__init__.py:88: in import_module
    return _bootstrap._gcd_import(name[level:], package, level)
           ^^^^^^^^^^^^^^^^^^^^^^^^^^^^^^^^^^^^^^^^^^^^^^^^^^^^
<frozen importlib._bootstrap>:1387: in _gcd_import
    ???
<frozen importlib._bootstrap>:1360: in _find_and_load
    ???
<frozen importlib._bootstrap>:1331: in _find_and_load_unlocked
    ???
<frozen importlib._bootstrap>:935: in _load_unlocked
    ???
/usr/local/lib/python3.13/site-packages/_pytest/assertion/rewrite.py:197: in exec_module
    exec(co, module.__dict__)
test/test_servercore_smoke.py:12: in <module>
    from src.core.server_core import ServerCore, QualityGateException
src/core/__init__.py:15: in <module>
    from .server_core import ServerCore, TaskExecutor, RevisionExecutor, TodoGenerator
src/core/server_core.py:24: in <module>
    from ..quality import QualityGateManager
src/quality/__init__.py:8: in <module>
    from .quality_gate_manager import QualityGateManager
src/quality/quality_gate_manager.py:12: in <module>
    from .checkers import (
src/quality/checkers/__init__.py:11: in <module>
    from .resource_checker import ResourceChecker
src/quality/checkers/resource_checker.py:6: in <module>
    import psutil
E   ModuleNotFoundError: No module named 'psutil'
_______________ ERROR collecting test/test_servercore_static.py ________________
ImportError while importing test module '/workspace/test/test_servercore_static.py'.
Hint: make sure your test modules/packages have valid Python names.
Traceback:
/usr/local/lib/python3.13/site-packages/_pytest/python.py:507: in importtestmodule
    mod = import_path(
/usr/local/lib/python3.13/site-packages/_pytest/pathlib.py:587: in import_path
    importlib.import_module(module_name)
/usr/local/lib/python3.13/importlib/__init__.py:88: in import_module
    return _bootstrap._gcd_import(name[level:], package, level)
           ^^^^^^^^^^^^^^^^^^^^^^^^^^^^^^^^^^^^^^^^^^^^^^^^^^^^
<frozen importlib._bootstrap>:1387: in _gcd_import
    ???
<frozen importlib._bootstrap>:1360: in _find_and_load
    ???
<frozen importlib._bootstrap>:1331: in _find_and_load_unlocked
    ???
<frozen importlib._bootstrap>:935: in _load_unlocked
    ???
/usr/local/lib/python3.13/site-packages/_pytest/assertion/rewrite.py:197: in exec_module
    exec(co, module.__dict__)
test/test_servercore_static.py:13: in <module>
    from src.core.server_core import ServerCore, QualityGateException, TaskExecutor, RevisionExecutor, TodoGenerator
src/core/__init__.py:15: in <module>
    from .server_core import ServerCore, TaskExecutor, RevisionExecutor, TodoGenerator
src/core/server_core.py:24: in <module>
    from ..quality import QualityGateManager
src/quality/__init__.py:8: in <module>
    from .quality_gate_manager import QualityGateManager
src/quality/quality_gate_manager.py:12: in <module>
    from .checkers import (
src/quality/checkers/__init__.py:11: in <module>
    from .resource_checker import ResourceChecker
src/quality/checkers/resource_checker.py:6: in <module>
    import psutil
E   ModuleNotFoundError: No module named 'psutil'
________ ERROR collecting test/test_servercore_tasktype_integration.py _________
ImportError while importing test module '/workspace/test/test_servercore_tasktype_integration.py'.
Hint: make sure your test modules/packages have valid Python names.
Traceback:
/usr/local/lib/python3.13/site-packages/_pytest/python.py:507: in importtestmodule
    mod = import_path(
/usr/local/lib/python3.13/site-packages/_pytest/pathlib.py:587: in import_path
    importlib.import_module(module_name)
/usr/local/lib/python3.13/importlib/__init__.py:88: in import_module
    return _bootstrap._gcd_import(name[level:], package, level)
           ^^^^^^^^^^^^^^^^^^^^^^^^^^^^^^^^^^^^^^^^^^^^^^^^^^^^
<frozen importlib._bootstrap>:1387: in _gcd_import
    ???
<frozen importlib._bootstrap>:1360: in _find_and_load
    ???
<frozen importlib._bootstrap>:1331: in _find_and_load_unlocked
    ???
<frozen importlib._bootstrap>:935: in _load_unlocked
    ???
/usr/local/lib/python3.13/site-packages/_pytest/assertion/rewrite.py:197: in exec_module
    exec(co, module.__dict__)
test/test_servercore_tasktype_integration.py:9: in <module>
    from src.core.server_core import ServerCore
src/core/__init__.py:15: in <module>
    from .server_core import ServerCore, TaskExecutor, RevisionExecutor, TodoGenerator
src/core/server_core.py:24: in <module>
    from ..quality import QualityGateManager
src/quality/__init__.py:8: in <module>
    from .quality_gate_manager import QualityGateManager
src/quality/quality_gate_manager.py:12: in <module>
    from .checkers import (
src/quality/checkers/__init__.py:11: in <module>
    from .resource_checker import ResourceChecker
src/quality/checkers/resource_checker.py:6: in <module>
    import psutil
E   ModuleNotFoundError: No module named 'psutil'
____________ ERROR collecting test/test_smart_agent_integration.py _____________
ImportError while importing test module '/workspace/test/test_smart_agent_integration.py'.
Hint: make sure your test modules/packages have valid Python names.
Traceback:
/usr/local/lib/python3.13/site-packages/_pytest/python.py:507: in importtestmodule
    mod = import_path(
/usr/local/lib/python3.13/site-packages/_pytest/pathlib.py:587: in import_path
    importlib.import_module(module_name)
/usr/local/lib/python3.13/importlib/__init__.py:88: in import_module
    return _bootstrap._gcd_import(name[level:], package, level)
           ^^^^^^^^^^^^^^^^^^^^^^^^^^^^^^^^^^^^^^^^^^^^^^^^^^^^
<frozen importlib._bootstrap>:1387: in _gcd_import
    ???
<frozen importlib._bootstrap>:1360: in _find_and_load
    ???
<frozen importlib._bootstrap>:1331: in _find_and_load_unlocked
    ???
<frozen importlib._bootstrap>:935: in _load_unlocked
    ???
/usr/local/lib/python3.13/site-packages/_pytest/assertion/rewrite.py:197: in exec_module
    exec(co, module.__dict__)
test/test_smart_agent_integration.py:8: in <module>
    from src.agents.smart_agent import create_smart_agent
src/agents/__init__.py:3: in <module>
    from .executor_agent import create_executor_agent
src/agents/executor_agent.py:7: in <module>
    from crewai import Agent
E   ModuleNotFoundError: No module named 'crewai'
_______________ ERROR collecting test/test_smart_agent_smoke.py ________________
ImportError while importing test module '/workspace/test/test_smart_agent_smoke.py'.
Hint: make sure your test modules/packages have valid Python names.
Traceback:
/usr/local/lib/python3.13/site-packages/_pytest/python.py:507: in importtestmodule
    mod = import_path(
/usr/local/lib/python3.13/site-packages/_pytest/pathlib.py:587: in import_path
    importlib.import_module(module_name)
/usr/local/lib/python3.13/importlib/__init__.py:88: in import_module
    return _bootstrap._gcd_import(name[level:], package, level)
           ^^^^^^^^^^^^^^^^^^^^^^^^^^^^^^^^^^^^^^^^^^^^^^^^^^^^
<frozen importlib._bootstrap>:1387: in _gcd_import
    ???
<frozen importlib._bootstrap>:1360: in _find_and_load
    ???
<frozen importlib._bootstrap>:1331: in _find_and_load_unlocked
    ???
<frozen importlib._bootstrap>:935: in _load_unlocked
    ???
/usr/local/lib/python3.13/site-packages/_pytest/assertion/rewrite.py:197: in exec_module
    exec(co, module.__dict__)
test/test_smart_agent_smoke.py:14: in <module>
    from src.agents.smart_agent import create_smart_agent
src/agents/__init__.py:3: in <module>
    from .executor_agent import create_executor_agent
src/agents/executor_agent.py:7: in <module>
    from crewai import Agent
E   ModuleNotFoundError: No module named 'crewai'
___________________ ERROR collecting test/test_task_types.py ___________________
ImportError while importing test module '/workspace/test/test_task_types.py'.
Hint: make sure your test modules/packages have valid Python names.
Traceback:
/usr/local/lib/python3.13/site-packages/_pytest/python.py:507: in importtestmodule
    mod = import_path(
/usr/local/lib/python3.13/site-packages/_pytest/pathlib.py:587: in import_path
    importlib.import_module(module_name)
/usr/local/lib/python3.13/importlib/__init__.py:88: in import_module
    return _bootstrap._gcd_import(name[level:], package, level)
           ^^^^^^^^^^^^^^^^^^^^^^^^^^^^^^^^^^^^^^^^^^^^^^^^^^^^
<frozen importlib._bootstrap>:1387: in _gcd_import
    ???
<frozen importlib._bootstrap>:1360: in _find_and_load
    ???
<frozen importlib._bootstrap>:1331: in _find_and_load_unlocked
    ???
<frozen importlib._bootstrap>:935: in _load_unlocked
    ???
/usr/local/lib/python3.13/site-packages/_pytest/assertion/rewrite.py:197: in exec_module
    exec(co, module.__dict__)
test/test_task_types.py:9: in <module>
    from src.core.types import TaskType
src/core/__init__.py:15: in <module>
    from .server_core import ServerCore, TaskExecutor, RevisionExecutor, TodoGenerator
src/core/server_core.py:24: in <module>
    from ..quality import QualityGateManager
src/quality/__init__.py:8: in <module>
    from .quality_gate_manager import QualityGateManager
src/quality/quality_gate_manager.py:12: in <module>
    from .checkers import (
src/quality/checkers/__init__.py:11: in <module>
    from .resource_checker import ResourceChecker
src/quality/checkers/resource_checker.py:6: in <module>
    import psutil
E   ModuleNotFoundError: No module named 'psutil'
_______________ ERROR collecting test/test_verification_smoke.py _______________
ImportError while importing test module '/workspace/test/test_verification_smoke.py'.
Hint: make sure your test modules/packages have valid Python names.
Traceback:
/usr/local/lib/python3.13/site-packages/_pytest/python.py:507: in importtestmodule
    mod = import_path(
/usr/local/lib/python3.13/site-packages/_pytest/pathlib.py:587: in import_path
    importlib.import_module(module_name)
/usr/local/lib/python3.13/importlib/__init__.py:88: in import_module
    return _bootstrap._gcd_import(name[level:], package, level)
           ^^^^^^^^^^^^^^^^^^^^^^^^^^^^^^^^^^^^^^^^^^^^^^^^^^^^
<frozen importlib._bootstrap>:1387: in _gcd_import
    ???
<frozen importlib._bootstrap>:1360: in _find_and_load
    ???
<frozen importlib._bootstrap>:1331: in _find_and_load_unlocked
    ???
<frozen importlib._bootstrap>:935: in _load_unlocked
    ???
/usr/local/lib/python3.13/site-packages/_pytest/assertion/rewrite.py:197: in exec_module
    exec(co, module.__dict__)
test/test_verification_smoke.py:15: in <module>
    from src.verification.verification_manager import MultiLevelVerificationManager
src/verification/__init__.py:6: in <module>
    from .execution_monitor import ExecutionMonitor
src/verification/execution_monitor.py:7: in <module>
    import psutil
E   ModuleNotFoundError: No module named 'psutil'
______________ ERROR collecting test/test_verification_static.py _______________
ImportError while importing test module '/workspace/test/test_verification_static.py'.
Hint: make sure your test modules/packages have valid Python names.
Traceback:
/usr/local/lib/python3.13/site-packages/_pytest/python.py:507: in importtestmodule
    mod = import_path(
/usr/local/lib/python3.13/site-packages/_pytest/pathlib.py:587: in import_path
    importlib.import_module(module_name)
/usr/local/lib/python3.13/importlib/__init__.py:88: in import_module
    return _bootstrap._gcd_import(name[level:], package, level)
           ^^^^^^^^^^^^^^^^^^^^^^^^^^^^^^^^^^^^^^^^^^^^^^^^^^^^
<frozen importlib._bootstrap>:1387: in _gcd_import
    ???
<frozen importlib._bootstrap>:1360: in _find_and_load
    ???
<frozen importlib._bootstrap>:1331: in _find_and_load_unlocked
    ???
<frozen importlib._bootstrap>:935: in _load_unlocked
    ???
/usr/local/lib/python3.13/site-packages/_pytest/assertion/rewrite.py:197: in exec_module
    exec(co, module.__dict__)
test/test_verification_static.py:17: in <module>
    from src.verification.verification_manager import MultiLevelVerificationManager
src/verification/__init__.py:6: in <module>
    from .execution_monitor import ExecutionMonitor
src/verification/execution_monitor.py:7: in <module>
    import psutil
E   ModuleNotFoundError: No module named 'psutil'
_________ ERROR collecting test/verification/test_execution_monitor.py _________
ImportError while importing test module '/workspace/test/verification/test_execution_monitor.py'.
Hint: make sure your test modules/packages have valid Python names.
Traceback:
/usr/local/lib/python3.13/site-packages/_pytest/python.py:507: in importtestmodule
    mod = import_path(
/usr/local/lib/python3.13/site-packages/_pytest/pathlib.py:587: in import_path
    importlib.import_module(module_name)
/usr/local/lib/python3.13/importlib/__init__.py:88: in import_module
    return _bootstrap._gcd_import(name[level:], package, level)
           ^^^^^^^^^^^^^^^^^^^^^^^^^^^^^^^^^^^^^^^^^^^^^^^^^^^^
<frozen importlib._bootstrap>:1387: in _gcd_import
    ???
<frozen importlib._bootstrap>:1360: in _find_and_load
    ???
<frozen importlib._bootstrap>:1331: in _find_and_load_unlocked
    ???
<frozen importlib._bootstrap>:935: in _load_unlocked
    ???
/usr/local/lib/python3.13/site-packages/_pytest/assertion/rewrite.py:197: in exec_module
    exec(co, module.__dict__)
test/verification/test_execution_monitor.py:9: in <module>
    from src.verification.execution_monitor import ExecutionMonitor, ExecutionMetrics
src/verification/__init__.py:6: in <module>
    from .execution_monitor import ExecutionMonitor
src/verification/execution_monitor.py:7: in <module>
    import psutil
E   ModuleNotFoundError: No module named 'psutil'
___________ ERROR collecting test/verification/test_llm_validator.py ___________
ImportError while importing test module '/workspace/test/verification/test_llm_validator.py'.
Hint: make sure your test modules/packages have valid Python names.
Traceback:
/usr/local/lib/python3.13/site-packages/_pytest/python.py:507: in importtestmodule
    mod = import_path(
/usr/local/lib/python3.13/site-packages/_pytest/pathlib.py:587: in import_path
    importlib.import_module(module_name)
/usr/local/lib/python3.13/importlib/__init__.py:88: in import_module
    return _bootstrap._gcd_import(name[level:], package, level)
           ^^^^^^^^^^^^^^^^^^^^^^^^^^^^^^^^^^^^^^^^^^^^^^^^^^^^
<frozen importlib._bootstrap>:1387: in _gcd_import
    ???
<frozen importlib._bootstrap>:1360: in _find_and_load
    ???
<frozen importlib._bootstrap>:1331: in _find_and_load_unlocked
    ???
<frozen importlib._bootstrap>:935: in _load_unlocked
    ???
/usr/local/lib/python3.13/site-packages/_pytest/assertion/rewrite.py:197: in exec_module
    exec(co, module.__dict__)
test/verification/test_llm_validator.py:8: in <module>
    from src.verification.llm_validator import LLMValidator
src/verification/__init__.py:6: in <module>
    from .execution_monitor import ExecutionMonitor
src/verification/execution_monitor.py:7: in <module>
    import psutil
E   ModuleNotFoundError: No module named 'psutil'
_____ ERROR collecting test/verification/test_verification_integration.py ______
ImportError while importing test module '/workspace/test/verification/test_verification_integration.py'.
Hint: make sure your test modules/packages have valid Python names.
Traceback:
/usr/local/lib/python3.13/site-packages/_pytest/python.py:507: in importtestmodule
    mod = import_path(
/usr/local/lib/python3.13/site-packages/_pytest/pathlib.py:587: in import_path
    importlib.import_module(module_name)
/usr/local/lib/python3.13/importlib/__init__.py:88: in import_module
    return _bootstrap._gcd_import(name[level:], package, level)
           ^^^^^^^^^^^^^^^^^^^^^^^^^^^^^^^^^^^^^^^^^^^^^^^^^^^^
<frozen importlib._bootstrap>:1387: in _gcd_import
    ???
<frozen importlib._bootstrap>:1360: in _find_and_load
    ???
<frozen importlib._bootstrap>:1331: in _find_and_load_unlocked
    ???
<frozen importlib._bootstrap>:935: in _load_unlocked
    ???
/usr/local/lib/python3.13/site-packages/_pytest/assertion/rewrite.py:197: in exec_module
    exec(co, module.__dict__)
test/verification/test_verification_integration.py:13: in <module>
    from src.verification.verification_manager import MultiLevelVerificationManager
src/verification/__init__.py:6: in <module>
    from .execution_monitor import ExecutionMonitor
src/verification/execution_monitor.py:7: in <module>
    import psutil
E   ModuleNotFoundError: No module named 'psutil'
_______ ERROR collecting test/verification/test_verification_manager.py ________
ImportError while importing test module '/workspace/test/verification/test_verification_manager.py'.
Hint: make sure your test modules/packages have valid Python names.
Traceback:
/usr/local/lib/python3.13/site-packages/_pytest/python.py:507: in importtestmodule
    mod = import_path(
/usr/local/lib/python3.13/site-packages/_pytest/pathlib.py:587: in import_path
    importlib.import_module(module_name)
/usr/local/lib/python3.13/importlib/__init__.py:88: in import_module
    return _bootstrap._gcd_import(name[level:], package, level)
           ^^^^^^^^^^^^^^^^^^^^^^^^^^^^^^^^^^^^^^^^^^^^^^^^^^^^
<frozen importlib._bootstrap>:1387: in _gcd_import
    ???
<frozen importlib._bootstrap>:1360: in _find_and_load
    ???
<frozen importlib._bootstrap>:1331: in _find_and_load_unlocked
    ???
<frozen importlib._bootstrap>:935: in _load_unlocked
    ???
/usr/local/lib/python3.13/site-packages/_pytest/assertion/rewrite.py:197: in exec_module
    exec(co, module.__dict__)
test/verification/test_verification_manager.py:9: in <module>
    from src.verification.verification_manager import MultiLevelVerificationManager
src/verification/__init__.py:6: in <module>
    from .execution_monitor import ExecutionMonitor
src/verification/execution_monitor.py:7: in <module>
    import psutil
E   ModuleNotFoundError: No module named 'psutil'
________ ERROR collecting test/verification/test_verification_smoke.py _________
ImportError while importing test module '/workspace/test/verification/test_verification_smoke.py'.
Hint: make sure your test modules/packages have valid Python names.
Traceback:
/usr/local/lib/python3.13/site-packages/_pytest/python.py:507: in importtestmodule
    mod = import_path(
/usr/local/lib/python3.13/site-packages/_pytest/pathlib.py:587: in import_path
    importlib.import_module(module_name)
/usr/local/lib/python3.13/importlib/__init__.py:88: in import_module
    return _bootstrap._gcd_import(name[level:], package, level)
           ^^^^^^^^^^^^^^^^^^^^^^^^^^^^^^^^^^^^^^^^^^^^^^^^^^^^
<frozen importlib._bootstrap>:1387: in _gcd_import
    ???
<frozen importlib._bootstrap>:1360: in _find_and_load
    ???
<frozen importlib._bootstrap>:1331: in _find_and_load_unlocked
    ???
<frozen importlib._bootstrap>:935: in _load_unlocked
    ???
/usr/local/lib/python3.13/site-packages/_pytest/assertion/rewrite.py:197: in exec_module
    exec(co, module.__dict__)
test/verification/test_verification_smoke.py:12: in <module>
    from src.verification.verification_manager import MultiLevelVerificationManager
src/verification/__init__.py:6: in <module>
    from .execution_monitor import ExecutionMonitor
src/verification/execution_monitor.py:7: in <module>
    import psutil
E   ModuleNotFoundError: No module named 'psutil'
________ ERROR collecting test/verification/test_verification_static.py ________
ImportError while importing test module '/workspace/test/verification/test_verification_static.py'.
Hint: make sure your test modules/packages have valid Python names.
Traceback:
/usr/local/lib/python3.13/site-packages/_pytest/python.py:507: in importtestmodule
    mod = import_path(
/usr/local/lib/python3.13/site-packages/_pytest/pathlib.py:587: in import_path
    importlib.import_module(module_name)
/usr/local/lib/python3.13/importlib/__init__.py:88: in import_module
    return _bootstrap._gcd_import(name[level:], package, level)
           ^^^^^^^^^^^^^^^^^^^^^^^^^^^^^^^^^^^^^^^^^^^^^^^^^^^^
<frozen importlib._bootstrap>:1387: in _gcd_import
    ???
<frozen importlib._bootstrap>:1360: in _find_and_load
    ???
<frozen importlib._bootstrap>:1331: in _find_and_load_unlocked
    ???
<frozen importlib._bootstrap>:935: in _load_unlocked
    ???
/usr/local/lib/python3.13/site-packages/_pytest/assertion/rewrite.py:197: in exec_module
    exec(co, module.__dict__)
test/verification/test_verification_static.py:16: in <module>
    from src.verification.verification_manager import MultiLevelVerificationManager
src/verification/__init__.py:6: in <module>
    from .execution_monitor import ExecutionMonitor
src/verification/execution_monitor.py:7: in <module>
    import psutil
E   ModuleNotFoundError: No module named 'psutil'
--------------- generated xml file: /workspace/junit_report.xml ----------------
=========================== short test summary info ============================
ERROR test/integration/test_hybrid_quick.py
ERROR test/integration/test_hybrid_real.py
ERROR test/integration/test_mini_docs_hybrid.py
ERROR test/integration/test_new_feature_integration.py
ERROR test/integration/test_quality_gates_integration.py
ERROR test/integration/test_servercore_integration.py
ERROR test/integration/test_smart_agent_load.py
ERROR test/integration/test_smart_agent_simple_integration.py
ERROR test/integration/test_task_type_integration.py
ERROR test/integration/test_verification_integration.py
ERROR test/test_agent_real_llm_creation.py
ERROR test/test_comprehensive_validation.py
ERROR test/test_core_components_smoke.py
ERROR test/test_core_quality_integration.py
ERROR test/test_core_smoke.py
ERROR test/test_core_static.py
ERROR test/test_core_types_static.py
ERROR test/test_cursor_integration_only.py
ERROR test/test_di_integration.py
ERROR test/test_di_only_static.py
ERROR test/test_di_smoke.py
ERROR test/test_di_solid.py
ERROR test/test_di_static.py
ERROR test/test_example_function.py
ERROR test/test_full_cycle.py
ERROR test/test_full_cycle_with_server.py
ERROR test/test_hybrid_interface.py
ERROR test/test_integration_new_functionality.py
ERROR test/test_interfaces_new.py
ERROR test/test_learning_tool_static.py
ERROR test/test_mcp_integration.py
ERROR test/test_new_feature_smoke.py
ERROR test/test_new_feature_static.py
ERROR test/test_new_functionality_integration.py
ERROR test/test_new_functionality_smoke.py
ERROR test/test_new_functionality_static.py
ERROR test/test_new_server_functionality_static.py
ERROR test/test_quality_smoke.py
ERROR test/test_quality_static.py
ERROR test/test_security.py
ERROR test/test_server_decomposition.py
ERROR test/test_servercore_smoke.py
ERROR test/test_servercore_static.py
ERROR test/test_servercore_tasktype_integration.py
ERROR test/test_smart_agent_integration.py
ERROR test/test_smart_agent_smoke.py
ERROR test/test_task_types.py
ERROR test/test_verification_smoke.py
ERROR test/test_verification_static.py
ERROR test/verification/test_execution_monitor.py
ERROR test/verification/test_llm_validator.py
ERROR test/verification/test_verification_integration.py
ERROR test/verification/test_verification_manager.py
ERROR test/verification/test_verification_smoke.py
ERROR test/verification/test_verification_static.py
!!!!!!!!!!!!!!!!!!! Interrupted: 55 errors during collection !!!!!!!!!!!!!!!!!!!
============================= 55 errors in 20.62s ==============================
